<?xml version="1.0" encoding="UTF-8"?>
<testsuite xmlns:xsi="http://www.w3.org/2001/XMLSchema-instance" xsi:noNamespaceSchemaLocation="https://maven.apache.org/surefire/maven-surefire-plugin/xsd/surefire-test-report-3.0.xsd" version="3.0" name="com.healthcare.vitals.source.FaultTolerantDeserializerTest" time="1.44" tests="11" errors="0" skipped="0" failures="0">
  <properties>
[...]
</properties>
  <testcase name="longErrorMessage_isTruncatedTo500CharsInHeader" classname="com.healthcare.vitals.source.FaultTolerantDeserializerTest" time="0.993">
    <system-err><![CDATA[WARNING: A Java agent has been loaded dynamically (/Users/sourabhragari/.m2/repository/net/bytebuddy/byte-buddy-agent/1.14.12/byte-buddy-agent-1.14.12.jar)
WARNING: If a serviceability tool is in use, please run with -XX:+EnableDynamicAgentLoading to hide this warning
WARNING: If a serviceability tool is not in use, please run with -Djdk.instrument.traceUsage for more information
WARNING: Dynamic loading of agents will be disallowed by default in a future release
]]></system-err>
  </testcase>
  <testcase name="nullRecordValue_isRoutedToDlq" classname="com.healthcare.vitals.source.FaultTolerantDeserializerTest" time="0.016"/>
  <testcase name="corruptRecord_dlqHeaderContainsSourceTopic" classname="com.healthcare.vitals.source.FaultTolerantDeserializerTest" time="0.004"/>
  <testcase name="corruptRecord_dlqHeaderContainsSourcePartitionAndOffset" classname="com.healthcare.vitals.source.FaultTolerantDeserializerTest" time="0.004"/>
  <testcase name="validRecord_isEmittedToMainStream" classname="com.healthcare.vitals.source.FaultTolerantDeserializerTest" time="0.246"/>
  <testcase name="corruptRecord_rawBytesAreSentToDlqTopic" classname="com.healthcare.vitals.source.FaultTolerantDeserializerTest" time="0.006"/>
  <testcase name="dlqProducerThrows_exceptionIsSwallowedAndJobContinues" classname="com.healthcare.vitals.source.FaultTolerantDeserializerTest" time="0.005"/>
  <testcase name="corruptRecord_dlqHeaderContainsErrorClassAndMessage" classname="com.healthcare.vitals.source.FaultTolerantDeserializerTest" time="0.003"/>
  <testcase name="corruptRecord_isNotEmittedToMainStream" classname="com.healthcare.vitals.source.FaultTolerantDeserializerTest" time="0.071"/>
  <testcase name="validRecord_doesNotTouchDlqProducer" classname="com.healthcare.vitals.source.FaultTolerantDeserializerTest" time="0.052"/>
  <testcase name="mixedStream_validRecordsPassThroughAndCorruptGoToDlq" classname="com.healthcare.vitals.source.FaultTolerantDeserializerTest" time="0.01"/>
</testsuite>